Arguments: 
  C:\nodejs\node.exe C:\Program Files (x86)\Yarn\bin\yarn.js add @types/easeljs @types/tweenksjs @types/soundjs @types/preloadjs --dev

PATH: 
  C:\Program Files\Docker\Docker\Resources\bin;C:\WINDOWS\system32;C:\WINDOWS;C:\WINDOWS\System32\Wbem;C:\WINDOWS\System32\WindowsPowerShell\v1.0\;C:\Program Files (x86)\GtkSharp\2.12\bin;C:\Program Files\dotnet\;C:\Program Files\Microsoft SQL Server\130\Tools\Binn\;C:\Program Files (x86)\Yarn\bin\;C:\Program Files\Git\cmd;C:\nodejs\;C:\Users\kaish\AppData\Local\Microsoft\WindowsApps;C:\Users\kaish\AppData\Local\GitHubDesktop\bin;C:\Users\kaish\AppData\Local\Programs\Microsoft VS Code\bin;C:\Users\kaish\AppData\Local\Yarn\bin;C:\Users\kaish\AppData\Roaming\npm

Yarn version: 
  1.9.4

Node version: 
  10.10.0

Platform: 
  win32 x64

Trace: 
  Error: https://registry.yarnpkg.com/@types%2ftweenksjs: Not found
      at Request.params.callback [as _callback] (C:\Program Files (x86)\Yarn\lib\cli.js:64202:18)
      at Request.self.callback (C:\Program Files (x86)\Yarn\lib\cli.js:137468:22)
      at Request.emit (events.js:182:13)
      at Request.<anonymous> (C:\Program Files (x86)\Yarn\lib\cli.js:138440:10)
      at Request.emit (events.js:182:13)
      at IncomingMessage.<anonymous> (C:\Program Files (x86)\Yarn\lib\cli.js:138362:12)
      at Object.onceWrapper (events.js:273:13)
      at IncomingMessage.emit (events.js:187:15)
      at endReadableNT (_stream_readable.js:1092:12)
      at process._tickCallback (internal/process/next_tick.js:63:19)

npm manifest: 
  {
    "name": "comp397-f2018-lession1",
    "version": "1.0.0",
    "description": "COMP397 - F2018 - Lession 1 CreateJS Demo",
    "main": "index.js",
    "repository": "https://github.com/kshen5/COMP397-F2018-Lesson1.git",
    "author": "kshen5 <kshen5@my.centennialcollege.ca>",
    "license": "MIT",
    "dependencies": {
      "easeljs": "^1.0.2",
      "preloadjs": "^1.0.1",
      "soundjs": "^1.0.1",
      "tweenjs": "^1.0.2"
    }
  }

yarn manifest: 
  No manifest

Lockfile: 
  # THIS IS AN AUTOGENERATED FILE. DO NOT EDIT THIS FILE DIRECTLY.
  # yarn lockfile v1
  
  
  easeljs@^1.0.2:
    version "1.0.2"
    resolved "https://registry.yarnpkg.com/easeljs/-/easeljs-1.0.2.tgz#68fdcc69d0f217394e2ebf51ae047428a81240de"
  
  preloadjs@^1.0.1:
    version "1.0.1"
    resolved "https://registry.yarnpkg.com/preloadjs/-/preloadjs-1.0.1.tgz#71d14e94a8c94b1f6def2b01891d6bcd7e788c5d"
  
  soundjs@^1.0.1:
    version "1.0.1"
    resolved "https://registry.yarnpkg.com/soundjs/-/soundjs-1.0.1.tgz#99970542d28d0df2a1ebd061ae75c961a98c8180"
  
  tweenjs@^1.0.2:
    version "1.0.2"
    resolved "https://registry.yarnpkg.com/tweenjs/-/tweenjs-1.0.2.tgz#768869c4d4ba91fdb4c5ccc661969c58138555af"
